<<<<<<< HEAD
c:\users\пользователь\source\repos\librariesdemo\librariesdemo\x64\debug\vc145.pdb
c:\users\пользователь\source\repos\librariesdemo\librariesdemo\x64\debug\vc145.idb
c:\users\пользователь\source\repos\librariesdemo\librariesdemo\x64\debug\main.obj
c:\users\пользователь\source\repos\librariesdemo\librariesdemo\x64\debug\librariesdemo.tlog\cl.command.1.tlog
=======
c:\users\пользователь\source\repos\librariesdemo\librariesdemo\x64\debug\vc143.pdb
c:\users\пользователь\source\repos\librariesdemo\librariesdemo\x64\debug\vc143.idb
c:\users\пользователь\source\repos\librariesdemo\librariesdemo\x64\debug\main.obj
c:\users\пользователь\source\repos\librariesdemo\x64\debug\librariesdemo.exe
c:\users\пользователь\source\repos\librariesdemo\x64\debug\librariesdemo.pdb
c:\users\пользователь\source\repos\librariesdemo\librariesdemo\x64\debug\librariesdemo.ilk
c:\users\пользователь\source\repos\librariesdemo\librariesdemo\x64\debug\librariesdemo.tlog\cl.command.1.tlog
c:\users\пользователь\source\repos\librariesdemo\librariesdemo\x64\debug\librariesdemo.tlog\cl.items.tlog
>>>>>>> 952e0073bf568db52a3781493280d5ab27b8b543
c:\users\пользователь\source\repos\librariesdemo\librariesdemo\x64\debug\librariesdemo.tlog\cl.read.1.tlog
c:\users\пользователь\source\repos\librariesdemo\librariesdemo\x64\debug\librariesdemo.tlog\cl.write.1.tlog
c:\users\пользователь\source\repos\librariesdemo\librariesdemo\x64\debug\librariesdemo.tlog\link.command.1.tlog
c:\users\пользователь\source\repos\librariesdemo\librariesdemo\x64\debug\librariesdemo.tlog\link.read.1.tlog
<<<<<<< HEAD
=======
c:\users\пользователь\source\repos\librariesdemo\librariesdemo\x64\debug\librariesdemo.tlog\link.secondary.1.tlog
>>>>>>> 952e0073bf568db52a3781493280d5ab27b8b543
c:\users\пользователь\source\repos\librariesdemo\librariesdemo\x64\debug\librariesdemo.tlog\link.write.1.tlog
